Testsuite: org.simpleframework.xml.load.ValidateTest
Tests run: 5, Failures: 0, Errors: 0, Time elapsed: 1.406 sec
------------- Standard Error -----------------
org.simpleframework.xml.load.ValueRequiredException: Unable to satisfy @org.simpleframework.xml.Attribute(required=true, empty=, name=version) on field 'version' at line 5
	at org.simpleframework.xml.load.Composite.validate(Composite.java:621)
	at org.simpleframework.xml.load.Composite.validateAttributes(Composite.java:468)
	at org.simpleframework.xml.load.Composite.validate(Composite.java:439)
	at org.simpleframework.xml.load.Composite.validate(Composite.java:416)
	at org.simpleframework.xml.load.Traverser.validate(Traverser.java:146)
	at org.simpleframework.xml.load.CompositeArray.validate(CompositeArray.java:204)
	at org.simpleframework.xml.load.CompositeArray.validate(CompositeArray.java:179)
	at org.simpleframework.xml.load.Composite.validate(Composite.java:595)
	at org.simpleframework.xml.load.Composite.validateElement(Composite.java:576)
	at org.simpleframework.xml.load.Composite.validateElements(Composite.java:496)
	at org.simpleframework.xml.load.Composite.validate(Composite.java:440)
	at org.simpleframework.xml.load.Composite.validate(Composite.java:416)
	at org.simpleframework.xml.load.Traverser.validate(Traverser.java:146)
	at org.simpleframework.xml.load.Persister.validate(Persister.java:714)
	at org.simpleframework.xml.load.Persister.validate(Persister.java:694)
	at org.simpleframework.xml.load.Persister.validate(Persister.java:674)
	at org.simpleframework.xml.load.Persister.validate(Persister.java:655)
	at org.simpleframework.xml.load.Persister.validate(Persister.java:572)
	at org.simpleframework.xml.load.ValidateTest.testVersionMissing(ValidateTest.java:85)
	at sun.reflect.NativeMethodAccessorImpl.invoke0(Native Method)
	at sun.reflect.NativeMethodAccessorImpl.invoke(NativeMethodAccessorImpl.java:39)
	at sun.reflect.DelegatingMethodAccessorImpl.invoke(DelegatingMethodAccessorImpl.java:25)
	at java.lang.reflect.Method.invoke(Method.java:585)
	at junit.framework.TestCase.runTest(TestCase.java:154)
	at junit.framework.TestCase.runBare(TestCase.java:127)
	at junit.framework.TestResult$1.protect(TestResult.java:106)
	at junit.framework.TestResult.runProtected(TestResult.java:124)
	at junit.framework.TestResult.run(TestResult.java:109)
	at junit.framework.TestCase.run(TestCase.java:118)
	at junit.framework.TestSuite.runTest(TestSuite.java:208)
	at junit.framework.TestSuite.run(TestSuite.java:203)
	at org.apache.tools.ant.taskdefs.optional.junit.JUnitTestRunner.run(JUnitTestRunner.java:421)
	at org.apache.tools.ant.taskdefs.optional.junit.JUnitTestRunner.launch(JUnitTestRunner.java:912)
	at org.apache.tools.ant.taskdefs.optional.junit.JUnitTestRunner.main(JUnitTestRunner.java:766)
org.simpleframework.xml.load.ValueRequiredException: Unable to satisfy @org.simpleframework.xml.Attribute(required=true, empty=, name=name) on field 'name' at line 3
	at org.simpleframework.xml.load.Composite.validate(Composite.java:621)
	at org.simpleframework.xml.load.Composite.validateAttributes(Composite.java:468)
	at org.simpleframework.xml.load.Composite.validate(Composite.java:439)
	at org.simpleframework.xml.load.Composite.validate(Composite.java:416)
	at org.simpleframework.xml.load.Traverser.validate(Traverser.java:146)
	at org.simpleframework.xml.load.CompositeArray.validate(CompositeArray.java:204)
	at org.simpleframework.xml.load.CompositeArray.validate(CompositeArray.java:179)
	at org.simpleframework.xml.load.Composite.validate(Composite.java:595)
	at org.simpleframework.xml.load.Composite.validateElement(Composite.java:576)
	at org.simpleframework.xml.load.Composite.validateElements(Composite.java:496)
	at org.simpleframework.xml.load.Composite.validate(Composite.java:440)
	at org.simpleframework.xml.load.Composite.validate(Composite.java:416)
	at org.simpleframework.xml.load.Traverser.validate(Traverser.java:146)
	at org.simpleframework.xml.load.Persister.validate(Persister.java:714)
	at org.simpleframework.xml.load.Persister.validate(Persister.java:694)
	at org.simpleframework.xml.load.Persister.validate(Persister.java:674)
	at org.simpleframework.xml.load.Persister.validate(Persister.java:655)
	at org.simpleframework.xml.load.Persister.validate(Persister.java:572)
	at org.simpleframework.xml.load.ValidateTest.testNameMissing(ValidateTest.java:98)
	at sun.reflect.NativeMethodAccessorImpl.invoke0(Native Method)
	at sun.reflect.NativeMethodAccessorImpl.invoke(NativeMethodAccessorImpl.java:39)
	at sun.reflect.DelegatingMethodAccessorImpl.invoke(DelegatingMethodAccessorImpl.java:25)
	at java.lang.reflect.Method.invoke(Method.java:585)
	at junit.framework.TestCase.runTest(TestCase.java:154)
	at junit.framework.TestCase.runBare(TestCase.java:127)
	at junit.framework.TestResult$1.protect(TestResult.java:106)
	at junit.framework.TestResult.runProtected(TestResult.java:124)
	at junit.framework.TestResult.run(TestResult.java:109)
	at junit.framework.TestCase.run(TestCase.java:118)
	at junit.framework.TestSuite.runTest(TestSuite.java:208)
	at junit.framework.TestSuite.run(TestSuite.java:203)
	at org.apache.tools.ant.taskdefs.optional.junit.JUnitTestRunner.run(JUnitTestRunner.java:421)
	at org.apache.tools.ant.taskdefs.optional.junit.JUnitTestRunner.launch(JUnitTestRunner.java:912)
	at org.apache.tools.ant.taskdefs.optional.junit.JUnitTestRunner.main(JUnitTestRunner.java:766)
org.simpleframework.xml.load.PersistenceException: Element 'array' declared twice at line 8
	at org.simpleframework.xml.load.Pointer$Adapter.validate(Pointer.java:325)
	at org.simpleframework.xml.load.Composite.validate(Composite.java:595)
	at org.simpleframework.xml.load.Composite.validateElement(Composite.java:576)
	at org.simpleframework.xml.load.Composite.validateElements(Composite.java:496)
	at org.simpleframework.xml.load.Composite.validate(Composite.java:440)
	at org.simpleframework.xml.load.Composite.validate(Composite.java:416)
	at org.simpleframework.xml.load.Traverser.validate(Traverser.java:146)
	at org.simpleframework.xml.load.Persister.validate(Persister.java:714)
	at org.simpleframework.xml.load.Persister.validate(Persister.java:694)
	at org.simpleframework.xml.load.Persister.validate(Persister.java:674)
	at org.simpleframework.xml.load.Persister.validate(Persister.java:655)
	at org.simpleframework.xml.load.Persister.validate(Persister.java:572)
	at org.simpleframework.xml.load.ValidateTest.testExtraElement(ValidateTest.java:124)
	at sun.reflect.NativeMethodAccessorImpl.invoke0(Native Method)
	at sun.reflect.NativeMethodAccessorImpl.invoke(NativeMethodAccessorImpl.java:39)
	at sun.reflect.DelegatingMethodAccessorImpl.invoke(DelegatingMethodAccessorImpl.java:25)
	at java.lang.reflect.Method.invoke(Method.java:585)
	at junit.framework.TestCase.runTest(TestCase.java:154)
	at junit.framework.TestCase.runBare(TestCase.java:127)
	at junit.framework.TestResult$1.protect(TestResult.java:106)
	at junit.framework.TestResult.runProtected(TestResult.java:124)
	at junit.framework.TestResult.run(TestResult.java:109)
	at junit.framework.TestCase.run(TestCase.java:118)
	at junit.framework.TestSuite.runTest(TestSuite.java:208)
	at junit.framework.TestSuite.run(TestSuite.java:203)
	at org.apache.tools.ant.taskdefs.optional.junit.JUnitTestRunner.run(JUnitTestRunner.java:421)
	at org.apache.tools.ant.taskdefs.optional.junit.JUnitTestRunner.launch(JUnitTestRunner.java:912)
	at org.apache.tools.ant.taskdefs.optional.junit.JUnitTestRunner.main(JUnitTestRunner.java:766)
------------- ---------------- ---------------

Testcase: testVersionMissing took 1.266 sec
Testcase: testNameMissing took 0 sec
Testcase: testTextMissing took 0 sec
Testcase: testExtraElement took 0.046 sec
Testcase: testDirectory took 0 sec
