Testsuite: org.simpleframework.xml.load.EmptyTest
Tests run: 10, Failures: 0, Errors: 0, Time elapsed: 0.859 sec
------------- Standard Output ---------------
<test>
   <empty class="java.util.ArrayList"/>
</test><test/><test name="John Doe" address="NULL">
   <description>Some description</description>
</test><test name="NULL" address="NULL">
   <description>Some description</description>
</test>------------- ---------------- ---------------
------------- Standard Error -----------------
org.simpleframework.xml.load.ValueRequiredException: Empty value for @org.simpleframework.xml.Element(required=true, data=false, name=empty) on field 'empty' in class org.simpleframework.xml.load.EmptyTest$RequiredElement at line 3
	at org.simpleframework.xml.load.Composite.read(Composite.java:362)
	at org.simpleframework.xml.load.Composite.readElement(Composite.java:334)
	at org.simpleframework.xml.load.Composite.readElements(Composite.java:250)
	at org.simpleframework.xml.load.Composite.read(Composite.java:194)
	at org.simpleframework.xml.load.Composite.read(Composite.java:140)
	at org.simpleframework.xml.load.Composite.read(Composite.java:116)
	at org.simpleframework.xml.load.Traverser.read(Traverser.java:71)
	at org.simpleframework.xml.load.Persister.read(Persister.java:392)
	at org.simpleframework.xml.load.Persister.read(Persister.java:374)
	at org.simpleframework.xml.load.Persister.read(Persister.java:355)
	at org.simpleframework.xml.load.Persister.read(Persister.java:337)
	at org.simpleframework.xml.load.Persister.read(Persister.java:258)
	at org.simpleframework.xml.load.EmptyTest.testRequiredEmpty(EmptyTest.java:113)
	at sun.reflect.NativeMethodAccessorImpl.invoke0(Native Method)
	at sun.reflect.NativeMethodAccessorImpl.invoke(NativeMethodAccessorImpl.java:39)
	at sun.reflect.DelegatingMethodAccessorImpl.invoke(DelegatingMethodAccessorImpl.java:25)
	at java.lang.reflect.Method.invoke(Method.java:585)
	at junit.framework.TestCase.runTest(TestCase.java:154)
	at junit.framework.TestCase.runBare(TestCase.java:127)
	at junit.framework.TestResult$1.protect(TestResult.java:106)
	at junit.framework.TestResult.runProtected(TestResult.java:124)
	at junit.framework.TestResult.run(TestResult.java:109)
	at junit.framework.TestCase.run(TestCase.java:118)
	at junit.framework.TestSuite.runTest(TestSuite.java:208)
	at junit.framework.TestSuite.run(TestSuite.java:203)
	at org.apache.tools.ant.taskdefs.optional.junit.JUnitTestRunner.run(JUnitTestRunner.java:421)
	at org.apache.tools.ant.taskdefs.optional.junit.JUnitTestRunner.launch(JUnitTestRunner.java:912)
	at org.apache.tools.ant.taskdefs.optional.junit.JUnitTestRunner.main(JUnitTestRunner.java:766)
org.simpleframework.xml.load.ValueRequiredException: Empty value for @org.simpleframework.xml.Element(required=true, data=false, name=) on method 'empty' in class org.simpleframework.xml.load.EmptyTest$RequiredMethodElement at line 3
	at org.simpleframework.xml.load.Composite.read(Composite.java:362)
	at org.simpleframework.xml.load.Composite.readElement(Composite.java:334)
	at org.simpleframework.xml.load.Composite.readElements(Composite.java:250)
	at org.simpleframework.xml.load.Composite.read(Composite.java:194)
	at org.simpleframework.xml.load.Composite.read(Composite.java:140)
	at org.simpleframework.xml.load.Composite.read(Composite.java:116)
	at org.simpleframework.xml.load.Traverser.read(Traverser.java:71)
	at org.simpleframework.xml.load.Persister.read(Persister.java:392)
	at org.simpleframework.xml.load.Persister.read(Persister.java:374)
	at org.simpleframework.xml.load.Persister.read(Persister.java:355)
	at org.simpleframework.xml.load.Persister.read(Persister.java:337)
	at org.simpleframework.xml.load.Persister.read(Persister.java:258)
	at org.simpleframework.xml.load.EmptyTest.testRequiredEmptyMethod(EmptyTest.java:125)
	at sun.reflect.NativeMethodAccessorImpl.invoke0(Native Method)
	at sun.reflect.NativeMethodAccessorImpl.invoke(NativeMethodAccessorImpl.java:39)
	at sun.reflect.DelegatingMethodAccessorImpl.invoke(DelegatingMethodAccessorImpl.java:25)
	at java.lang.reflect.Method.invoke(Method.java:585)
	at junit.framework.TestCase.runTest(TestCase.java:154)
	at junit.framework.TestCase.runBare(TestCase.java:127)
	at junit.framework.TestResult$1.protect(TestResult.java:106)
	at junit.framework.TestResult.runProtected(TestResult.java:124)
	at junit.framework.TestResult.run(TestResult.java:109)
	at junit.framework.TestCase.run(TestCase.java:118)
	at junit.framework.TestSuite.runTest(TestSuite.java:208)
	at junit.framework.TestSuite.run(TestSuite.java:203)
	at org.apache.tools.ant.taskdefs.optional.junit.JUnitTestRunner.run(JUnitTestRunner.java:421)
	at org.apache.tools.ant.taskdefs.optional.junit.JUnitTestRunner.launch(JUnitTestRunner.java:912)
	at org.apache.tools.ant.taskdefs.optional.junit.JUnitTestRunner.main(JUnitTestRunner.java:766)
org.simpleframework.xml.load.ValueRequiredException: Empty value for @org.simpleframework.xml.Element(required=true, data=false, name=empty) on field 'empty' in class org.simpleframework.xml.load.EmptyTest$RequiredElement at line 3
	at org.simpleframework.xml.load.Composite.read(Composite.java:362)
	at org.simpleframework.xml.load.Composite.readElement(Composite.java:334)
	at org.simpleframework.xml.load.Composite.readElements(Composite.java:250)
	at org.simpleframework.xml.load.Composite.read(Composite.java:194)
	at org.simpleframework.xml.load.Composite.read(Composite.java:140)
	at org.simpleframework.xml.load.Composite.read(Composite.java:116)
	at org.simpleframework.xml.load.Traverser.read(Traverser.java:71)
	at org.simpleframework.xml.load.Persister.read(Persister.java:392)
	at org.simpleframework.xml.load.Persister.read(Persister.java:374)
	at org.simpleframework.xml.load.Persister.read(Persister.java:355)
	at org.simpleframework.xml.load.Persister.read(Persister.java:337)
	at org.simpleframework.xml.load.Persister.read(Persister.java:258)
	at org.simpleframework.xml.load.EmptyTest.testRequiredBlank(EmptyTest.java:137)
	at sun.reflect.NativeMethodAccessorImpl.invoke0(Native Method)
	at sun.reflect.NativeMethodAccessorImpl.invoke(NativeMethodAccessorImpl.java:39)
	at sun.reflect.DelegatingMethodAccessorImpl.invoke(DelegatingMethodAccessorImpl.java:25)
	at java.lang.reflect.Method.invoke(Method.java:585)
	at junit.framework.TestCase.runTest(TestCase.java:154)
	at junit.framework.TestCase.runBare(TestCase.java:127)
	at junit.framework.TestResult$1.protect(TestResult.java:106)
	at junit.framework.TestResult.runProtected(TestResult.java:124)
	at junit.framework.TestResult.run(TestResult.java:109)
	at junit.framework.TestCase.run(TestCase.java:118)
	at junit.framework.TestSuite.runTest(TestSuite.java:208)
	at junit.framework.TestSuite.run(TestSuite.java:203)
	at org.apache.tools.ant.taskdefs.optional.junit.JUnitTestRunner.run(JUnitTestRunner.java:421)
	at org.apache.tools.ant.taskdefs.optional.junit.JUnitTestRunner.launch(JUnitTestRunner.java:912)
	at org.apache.tools.ant.taskdefs.optional.junit.JUnitTestRunner.main(JUnitTestRunner.java:766)
org.simpleframework.xml.load.ValueRequiredException: Empty value for @org.simpleframework.xml.Element(required=true, data=false, name=empty) on field 'empty' in class org.simpleframework.xml.load.EmptyTest$RequiredElement at line 3
	at org.simpleframework.xml.load.Composite.read(Composite.java:362)
	at org.simpleframework.xml.load.Composite.readElement(Composite.java:334)
	at org.simpleframework.xml.load.Composite.readElements(Composite.java:250)
	at org.simpleframework.xml.load.Composite.read(Composite.java:194)
	at org.simpleframework.xml.load.Composite.read(Composite.java:140)
	at org.simpleframework.xml.load.Composite.read(Composite.java:116)
	at org.simpleframework.xml.load.Traverser.read(Traverser.java:71)
	at org.simpleframework.xml.load.Persister.read(Persister.java:392)
	at org.simpleframework.xml.load.Persister.read(Persister.java:374)
	at org.simpleframework.xml.load.Persister.read(Persister.java:355)
	at org.simpleframework.xml.load.Persister.read(Persister.java:337)
	at org.simpleframework.xml.load.Persister.read(Persister.java:258)
	at org.simpleframework.xml.load.EmptyTest.testOptionalEmpty(EmptyTest.java:149)
	at sun.reflect.NativeMethodAccessorImpl.invoke0(Native Method)
	at sun.reflect.NativeMethodAccessorImpl.invoke(NativeMethodAccessorImpl.java:39)
	at sun.reflect.DelegatingMethodAccessorImpl.invoke(DelegatingMethodAccessorImpl.java:25)
	at java.lang.reflect.Method.invoke(Method.java:585)
	at junit.framework.TestCase.runTest(TestCase.java:154)
	at junit.framework.TestCase.runBare(TestCase.java:127)
	at junit.framework.TestResult$1.protect(TestResult.java:106)
	at junit.framework.TestResult.runProtected(TestResult.java:124)
	at junit.framework.TestResult.run(TestResult.java:109)
	at junit.framework.TestCase.run(TestCase.java:118)
	at junit.framework.TestSuite.runTest(TestSuite.java:208)
	at junit.framework.TestSuite.run(TestSuite.java:203)
	at org.apache.tools.ant.taskdefs.optional.junit.JUnitTestRunner.run(JUnitTestRunner.java:421)
	at org.apache.tools.ant.taskdefs.optional.junit.JUnitTestRunner.launch(JUnitTestRunner.java:912)
	at org.apache.tools.ant.taskdefs.optional.junit.JUnitTestRunner.main(JUnitTestRunner.java:766)
------------- ---------------- ---------------

Testcase: testRequiredEmpty took 0.406 sec
Testcase: testRequiredEmptyMethod took 0.015 sec
Testcase: testRequiredBlank took 0 sec
Testcase: testOptionalEmpty took 0.015 sec
Testcase: testOptionalBlank took 0 sec
Testcase: testEmptyCollection took 0.125 sec
Testcase: testRequiredEmptyAttribute took 0.016 sec
Testcase: testOptionalEmptyAttribute took 0 sec
Testcase: testDefaultedAttribute took 0.25 sec
Testcase: testDirectory took 0 sec
