Testsuite: simple.xml.load.EmptyTest
Tests run: 7, Failures: 0, Errors: 0, Time elapsed: 0.25 sec
------------- Standard Error -----------------
simple.xml.load.ValueRequiredException: Empty value for @simple.xml.Element(required=true, data=false, name=empty) on field 'empty' in class simple.xml.load.EmptyTest$RequiredElement at line 3
	at simple.xml.load.Composite.read(Composite.java:313)
	at simple.xml.load.Composite.readElement(Composite.java:285)
	at simple.xml.load.Composite.readElements(Composite.java:205)
	at simple.xml.load.Composite.read(Composite.java:149)
	at simple.xml.load.Composite.read(Composite.java:126)
	at simple.xml.load.Composite.read(Composite.java:104)
	at simple.xml.load.Traverser.read(Traverser.java:72)
	at simple.xml.load.Persister.read(Persister.java:385)
	at simple.xml.load.Persister.read(Persister.java:367)
	at simple.xml.load.Persister.read(Persister.java:348)
	at simple.xml.load.Persister.read(Persister.java:330)
	at simple.xml.load.Persister.read(Persister.java:257)
	at simple.xml.load.EmptyTest.testRequiredEmpty(EmptyTest.java:82)
	at sun.reflect.NativeMethodAccessorImpl.invoke0(Native Method)
	at sun.reflect.NativeMethodAccessorImpl.invoke(NativeMethodAccessorImpl.java:39)
	at sun.reflect.DelegatingMethodAccessorImpl.invoke(DelegatingMethodAccessorImpl.java:25)
	at java.lang.reflect.Method.invoke(Method.java:585)
	at junit.framework.TestCase.runTest(TestCase.java:154)
	at junit.framework.TestCase.runBare(TestCase.java:127)
	at junit.framework.TestResult$1.protect(TestResult.java:106)
	at junit.framework.TestResult.runProtected(TestResult.java:124)
	at junit.framework.TestResult.run(TestResult.java:109)
	at junit.framework.TestCase.run(TestCase.java:118)
	at junit.framework.TestSuite.runTest(TestSuite.java:208)
	at junit.framework.TestSuite.run(TestSuite.java:203)
	at org.apache.tools.ant.taskdefs.optional.junit.JUnitTestRunner.run(JUnitTestRunner.java:421)
	at org.apache.tools.ant.taskdefs.optional.junit.JUnitTestRunner.launch(JUnitTestRunner.java:912)
	at org.apache.tools.ant.taskdefs.optional.junit.JUnitTestRunner.main(JUnitTestRunner.java:766)
simple.xml.load.ValueRequiredException: Empty value for @simple.xml.Element(required=true, data=false, name=) on method 'empty' in class simple.xml.load.EmptyTest$RequiredMethodElement at line 3
	at simple.xml.load.Composite.read(Composite.java:313)
	at simple.xml.load.Composite.readElement(Composite.java:285)
	at simple.xml.load.Composite.readElements(Composite.java:205)
	at simple.xml.load.Composite.read(Composite.java:149)
	at simple.xml.load.Composite.read(Composite.java:126)
	at simple.xml.load.Composite.read(Composite.java:104)
	at simple.xml.load.Traverser.read(Traverser.java:72)
	at simple.xml.load.Persister.read(Persister.java:385)
	at simple.xml.load.Persister.read(Persister.java:367)
	at simple.xml.load.Persister.read(Persister.java:348)
	at simple.xml.load.Persister.read(Persister.java:330)
	at simple.xml.load.Persister.read(Persister.java:257)
	at simple.xml.load.EmptyTest.testRequiredEmptyMethod(EmptyTest.java:94)
	at sun.reflect.NativeMethodAccessorImpl.invoke0(Native Method)
	at sun.reflect.NativeMethodAccessorImpl.invoke(NativeMethodAccessorImpl.java:39)
	at sun.reflect.DelegatingMethodAccessorImpl.invoke(DelegatingMethodAccessorImpl.java:25)
	at java.lang.reflect.Method.invoke(Method.java:585)
	at junit.framework.TestCase.runTest(TestCase.java:154)
	at junit.framework.TestCase.runBare(TestCase.java:127)
	at junit.framework.TestResult$1.protect(TestResult.java:106)
	at junit.framework.TestResult.runProtected(TestResult.java:124)
	at junit.framework.TestResult.run(TestResult.java:109)
	at junit.framework.TestCase.run(TestCase.java:118)
	at junit.framework.TestSuite.runTest(TestSuite.java:208)
	at junit.framework.TestSuite.run(TestSuite.java:203)
	at org.apache.tools.ant.taskdefs.optional.junit.JUnitTestRunner.run(JUnitTestRunner.java:421)
	at org.apache.tools.ant.taskdefs.optional.junit.JUnitTestRunner.launch(JUnitTestRunner.java:912)
	at org.apache.tools.ant.taskdefs.optional.junit.JUnitTestRunner.main(JUnitTestRunner.java:766)
simple.xml.load.ValueRequiredException: Empty value for @simple.xml.Element(required=true, data=false, name=empty) on field 'empty' in class simple.xml.load.EmptyTest$RequiredElement at line 3
	at simple.xml.load.Composite.read(Composite.java:313)
	at simple.xml.load.Composite.readElement(Composite.java:285)
	at simple.xml.load.Composite.readElements(Composite.java:205)
	at simple.xml.load.Composite.read(Composite.java:149)
	at simple.xml.load.Composite.read(Composite.java:126)
	at simple.xml.load.Composite.read(Composite.java:104)
	at simple.xml.load.Traverser.read(Traverser.java:72)
	at simple.xml.load.Persister.read(Persister.java:385)
	at simple.xml.load.Persister.read(Persister.java:367)
	at simple.xml.load.Persister.read(Persister.java:348)
	at simple.xml.load.Persister.read(Persister.java:330)
	at simple.xml.load.Persister.read(Persister.java:257)
	at simple.xml.load.EmptyTest.testRequiredBlank(EmptyTest.java:106)
	at sun.reflect.NativeMethodAccessorImpl.invoke0(Native Method)
	at sun.reflect.NativeMethodAccessorImpl.invoke(NativeMethodAccessorImpl.java:39)
	at sun.reflect.DelegatingMethodAccessorImpl.invoke(DelegatingMethodAccessorImpl.java:25)
	at java.lang.reflect.Method.invoke(Method.java:585)
	at junit.framework.TestCase.runTest(TestCase.java:154)
	at junit.framework.TestCase.runBare(TestCase.java:127)
	at junit.framework.TestResult$1.protect(TestResult.java:106)
	at junit.framework.TestResult.runProtected(TestResult.java:124)
	at junit.framework.TestResult.run(TestResult.java:109)
	at junit.framework.TestCase.run(TestCase.java:118)
	at junit.framework.TestSuite.runTest(TestSuite.java:208)
	at junit.framework.TestSuite.run(TestSuite.java:203)
	at org.apache.tools.ant.taskdefs.optional.junit.JUnitTestRunner.run(JUnitTestRunner.java:421)
	at org.apache.tools.ant.taskdefs.optional.junit.JUnitTestRunner.launch(JUnitTestRunner.java:912)
	at org.apache.tools.ant.taskdefs.optional.junit.JUnitTestRunner.main(JUnitTestRunner.java:766)
simple.xml.load.ValueRequiredException: Empty value for @simple.xml.Element(required=true, data=false, name=empty) on field 'empty' in class simple.xml.load.EmptyTest$RequiredElement at line 3
	at simple.xml.load.Composite.read(Composite.java:313)
	at simple.xml.load.Composite.readElement(Composite.java:285)
	at simple.xml.load.Composite.readElements(Composite.java:205)
	at simple.xml.load.Composite.read(Composite.java:149)
	at simple.xml.load.Composite.read(Composite.java:126)
	at simple.xml.load.Composite.read(Composite.java:104)
	at simple.xml.load.Traverser.read(Traverser.java:72)
	at simple.xml.load.Persister.read(Persister.java:385)
	at simple.xml.load.Persister.read(Persister.java:367)
	at simple.xml.load.Persister.read(Persister.java:348)
	at simple.xml.load.Persister.read(Persister.java:330)
	at simple.xml.load.Persister.read(Persister.java:257)
	at simple.xml.load.EmptyTest.testOptionalEmpty(EmptyTest.java:118)
	at sun.reflect.NativeMethodAccessorImpl.invoke0(Native Method)
	at sun.reflect.NativeMethodAccessorImpl.invoke(NativeMethodAccessorImpl.java:39)
	at sun.reflect.DelegatingMethodAccessorImpl.invoke(DelegatingMethodAccessorImpl.java:25)
	at java.lang.reflect.Method.invoke(Method.java:585)
	at junit.framework.TestCase.runTest(TestCase.java:154)
	at junit.framework.TestCase.runBare(TestCase.java:127)
	at junit.framework.TestResult$1.protect(TestResult.java:106)
	at junit.framework.TestResult.runProtected(TestResult.java:124)
	at junit.framework.TestResult.run(TestResult.java:109)
	at junit.framework.TestCase.run(TestCase.java:118)
	at junit.framework.TestSuite.runTest(TestSuite.java:208)
	at junit.framework.TestSuite.run(TestSuite.java:203)
	at org.apache.tools.ant.taskdefs.optional.junit.JUnitTestRunner.run(JUnitTestRunner.java:421)
	at org.apache.tools.ant.taskdefs.optional.junit.JUnitTestRunner.launch(JUnitTestRunner.java:912)
	at org.apache.tools.ant.taskdefs.optional.junit.JUnitTestRunner.main(JUnitTestRunner.java:766)
------------- ---------------- ---------------

Testcase: testRequiredEmpty took 0.188 sec
Testcase: testRequiredEmptyMethod took 0.015 sec
Testcase: testRequiredBlank took 0 sec
Testcase: testOptionalEmpty took 0 sec
Testcase: testOptionalBlank took 0 sec
Testcase: testRequiredEmptyAttribute took 0.031 sec
Testcase: testOptionalEmptyAttribute took 0 sec
